[0513/091820.944:ERROR:process_memory_win.cc(73)] ReadMemory at 0x7ff60b700000 of 64 bytes failed: Only part of a ReadProcessMemory or WriteProcessMemory request was completed. (0x12B)
[0513/091821.002:WARNING:pe_image_reader.cc(340)] could not read dos header from C:\Program Files (x86)\Google\Chrome\Application\chrome.exe
[0513/091821.002:ERROR:process_memory_win.cc(73)] ReadMemory at 0x7ffbee320000 of 64 bytes failed: Only part of a ReadProcessMemory or WriteProcessMemory request was completed. (0x12B)
[0513/091821.002:WARNING:pe_image_reader.cc(340)] could not read dos header from C:\WINDOWS\SYSTEM32\ntdll.dll
[0513/091821.002:ERROR:process_memory_win.cc(73)] ReadMemory at 0x7ffbedda0000 of 64 bytes failed: Only part of a ReadProcessMemory or WriteProcessMemory request was completed. (0x12B)
[0513/091821.003:WARNING:pe_image_reader.cc(340)] could not read dos header from C:\WINDOWS\System32\KERNEL32.DLL
[0513/091821.004:ERROR:process_memory_win.cc(73)] ReadMemory at 0x7ffbeb350000 of 64 bytes failed: Only part of a ReadProcessMemory or WriteProcessMemory request was completed. (0x12B)
[0513/091821.004:WARNING:pe_image_reader.cc(340)] could not read dos header from C:\WINDOWS\System32\KERNELBASE.dll
[0513/091821.004:ERROR:process_memory_win.cc(73)] ReadMemory at 0x7ffbe89a0000 of 64 bytes failed: Only part of a ReadProcessMemory or WriteProcessMemory request was completed. (0x12B)
[0513/091821.004:WARNING:pe_image_reader.cc(340)] could not read dos header from C:\WINDOWS\SYSTEM32\apphelp.dll
[0513/091821.004:ERROR:process_memory_win.cc(73)] ReadMemory at 0x7ffbeb7b0000 of 64 bytes failed: Only part of a ReadProcessMemory or WriteProcessMemory request was completed. (0x12B)
[0513/091821.004:WARNING:pe_image_reader.cc(340)] could not read dos header from C:\WINDOWS\System32\SHELL32.dll
[0513/091821.004:ERROR:process_memory_win.cc(73)] ReadMemory at 0x7ffbed690000 of 64 bytes failed: Only part of a ReadProcessMemory or WriteProcessMemory request was completed. (0x12B)
[0513/091821.004:WARNING:pe_image_reader.cc(340)] could not read dos header from C:\WINDOWS\System32\msvcrt.dll
[0513/091821.004:ERROR:process_memory_win.cc(73)] ReadMemory at 0x7ffbea890000 of 64 bytes failed: Only part of a ReadProcessMemory or WriteProcessMemory request was completed. (0x12B)
[0513/091821.004:WARNING:pe_image_reader.cc(340)] could not read dos header from C:\WINDOWS\System32\cfgmgr32.dll
[0513/091821.004:ERROR:process_memory_win.cc(73)] ReadMemory at 0x7ffbeb650000 of 64 bytes failed: Only part of a ReadProcessMemory or WriteProcessMemory request was completed. (0x12B)
[0513/091821.004:WARNING:pe_image_reader.cc(340)] could not read dos header from C:\WINDOWS\System32\ucrtbase.dll
[0513/091821.004:ERROR:process_memory_win.cc(73)] ReadMemory at 0x7ffbed350000 of 64 bytes failed: Only part of a ReadProcessMemory or WriteProcessMemory request was completed. (0x12B)
[0513/091821.004:WARNING:pe_image_reader.cc(340)] could not read dos header from C:\WINDOWS\System32\shcore.dll
[0513/091821.004:ERROR:process_memory_win.cc(73)] ReadMemory at 0x7ffbecc70000 of 64 bytes failed: Only part of a ReadProcessMemory or WriteProcessMemory request was completed. (0x12B)
[0513/091821.004:WARNING:pe_image_reader.cc(340)] could not read dos header from C:\WINDOWS\System32\RPCRT4.dll
[0513/091821.005:ERROR:process_memory_win.cc(73)] ReadMemory at 0x7ffbed980000 of 64 bytes failed: Only part of a ReadProcessMemory or WriteProcessMemory request was completed. (0x12B)
[0513/091821.005:WARNING:pe_image_reader.cc(340)] could not read dos header from C:\WINDOWS\System32\combase.dll
[0513/091821.005:ERROR:process_memory_win.cc(73)] ReadMemory at 0x7ffbeb5d0000 of 64 bytes failed: Only part of a ReadProcessMemory or WriteProcessMemory request was completed. (0x12B)
[0513/091821.005:WARNING:pe_image_reader.cc(340)] could not read dos header from C:\WINDOWS\System32\bcryptPrimitives.dll
[0513/091821.005:ERROR:process_memory_win.cc(73)] ReadMemory at 0x7ffbeab70000 of 64 bytes failed: Only part of a ReadProcessMemory or WriteProcessMemory request was completed. (0x12B)
[0513/091821.005:WARNING:pe_image_reader.cc(340)] could not read dos header from C:\WINDOWS\System32\windows.storage.dll
[0513/091821.005:ERROR:process_memory_win.cc(73)] ReadMemory at 0x7ffbecda0000 of 64 bytes failed: Only part of a ReadProcessMemory or WriteProcessMemory request was completed. (0x12B)
[0513/091821.005:WARNING:pe_image_reader.cc(340)] could not read dos header from C:\WINDOWS\System32\advapi32.dll
[0513/091821.005:ERROR:process_memory_win.cc(73)] ReadMemory at 0x7ffbed4b0000 of 64 bytes failed: Only part of a ReadProcessMemory or WriteProcessMemory request was completed. (0x12B)
[0513/091821.005:WARNING:pe_image_reader.cc(340)] could not read dos header from C:\WINDOWS\System32\sechost.dll
[0513/091821.005:ERROR:process_memory_win.cc(73)] ReadMemory at 0x1b6e2090000 of 64 bytes failed: Only part of a ReadProcessMemory or WriteProcessMemory request was completed. (0x12B)
[0513/091821.005:WARNING:pe_image_reader.cc(340)] could not read dos header from C:\WINDOWS\System32\shlwapi.dll
[0513/091821.005:ERROR:process_memory_win.cc(73)] ReadMemory at 0x7ffbee2c0000 of 64 bytes failed: Only part of a ReadProcessMemory or WriteProcessMemory request was completed. (0x12B)
[0513/091821.005:WARNING:pe_image_reader.cc(340)] could not read dos header from C:\WINDOWS\System32\GDI32.dll
[0513/091821.005:ERROR:process_memory_win.cc(73)] ReadMemory at 0x7ffbea6f0000 of 64 bytes failed: Only part of a ReadProcessMemory or WriteProcessMemory request was completed. (0x12B)
[0513/091821.005:WARNING:pe_image_reader.cc(340)] could not read dos header from C:\WINDOWS\System32\gdi32full.dll
[0513/091821.006:ERROR:process_memory_win.cc(73)] ReadMemory at 0x7ffbea8e0000 of 64 bytes failed: Only part of a ReadProcessMemory or WriteProcessMemory request was completed. (0x12B)
[0513/091821.006:WARNING:pe_image_reader.cc(340)] could not read dos header from C:\WINDOWS\System32\msvcp_win.dll
[0513/091821.006:ERROR:process_memory_win.cc(73)] ReadMemory at 0x7ffbedec0000 of 64 bytes failed: Only part of a ReadProcessMemory or WriteProcessMemory request was completed. (0x12B)
[0513/091821.006:WARNING:pe_image_reader.cc(340)] could not read dos header from C:\WINDOWS\System32\USER32.dll
[0513/091821.006:ERROR:process_memory_win.cc(73)] ReadMemory at 0x7ffbeb330000 of 64 bytes failed: Only part of a ReadProcessMemory or WriteProcessMemory request was completed. (0x12B)
[0513/091821.006:WARNING:pe_image_reader.cc(340)] could not read dos header from C:\WINDOWS\System32\win32u.dll
[0513/091821.006:ERROR:process_memory_win.cc(73)] ReadMemory at 0x7ffbea630000 of 64 bytes failed: Only part of a ReadProcessMemory or WriteProcessMemory request was completed. (0x12B)
[0513/091821.006:WARNING:pe_image_reader.cc(340)] could not read dos header from C:\WINDOWS\System32\kernel.appcore.dll
[0513/091821.006:ERROR:process_memory_win.cc(73)] ReadMemory at 0x7ffbea650000 of 64 bytes failed: Only part of a ReadProcessMemory or WriteProcessMemory request was completed. (0x12B)
[0513/091821.006:WARNING:pe_image_reader.cc(340)] could not read dos header from C:\WINDOWS\System32\profapi.dll
[0513/091821.006:ERROR:process_memory_win.cc(73)] ReadMemory at 0x7ffbea670000 of 64 bytes failed: Only part of a ReadProcessMemory or WriteProcessMemory request was completed. (0x12B)
[0513/091821.006:WARNING:pe_image_reader.cc(340)] could not read dos header from C:\WINDOWS\System32\powrprof.dll
[0513/091821.007:ERROR:process_memory_win.cc(73)] ReadMemory at 0x7ffbea6e0000 of 64 bytes failed: Only part of a ReadProcessMemory or WriteProcessMemory request was completed. (0x12B)
[0513/091821.007:WARNING:pe_image_reader.cc(340)] could not read dos header from C:\WINDOWS\System32\FLTLIB.DLL
[0513/091821.007:ERROR:process_memory_win.cc(73)] ReadMemory at 0x7ffbcd4b0000 of 64 bytes failed: Only part of a ReadProcessMemory or WriteProcessMemory request was completed. (0x12B)
[0513/091821.007:WARNING:pe_image_reader.cc(340)] could not read dos header from C:\Program Files (x86)\Google\Chrome\Application\74.0.3729.131\chrome_elf.dll
[0513/091821.007:ERROR:process_memory_win.cc(73)] ReadMemory at 0x7ffbd9830000 of 64 bytes failed: Only part of a ReadProcessMemory or WriteProcessMemory request was completed. (0x12B)
[0513/091821.007:WARNING:pe_image_reader.cc(340)] could not read dos header from C:\WINDOWS\SYSTEM32\VERSION.dll
[0513/091821.007:ERROR:process_memory_win.cc(73)] ReadMemory at 0x7ffbe8780000 of 64 bytes failed: Only part of a ReadProcessMemory or WriteProcessMemory request was completed. (0x12B)
[0513/091821.008:WARNING:pe_image_reader.cc(340)] could not read dos header from C:\WINDOWS\SYSTEM32\WINMM.dll
[0513/091821.008:ERROR:process_memory_win.cc(73)] ReadMemory at 0x7ffbea530000 of 64 bytes failed: Only part of a ReadProcessMemory or WriteProcessMemory request was completed. (0x12B)
[0513/091821.008:WARNING:pe_image_reader.cc(340)] could not read dos header from C:\WINDOWS\SYSTEM32\USERENV.dll
[0513/091821.008:ERROR:process_memory_win.cc(73)] ReadMemory at 0x7ffbe8330000 of 64 bytes failed: Only part of a ReadProcessMemory or WriteProcessMemory request was completed. (0x12B)
[0513/091821.008:WARNING:pe_image_reader.cc(340)] could not read dos header from C:\WINDOWS\SYSTEM32\WINMMBASE.dll
[0513/091821.008:ERROR:process_memory_win.cc(73)] ReadMemory at 0x7ffbea080000 of 64 bytes failed: Only part of a ReadProcessMemory or WriteProcessMemory request was completed. (0x12B)
[0513/091821.008:WARNING:pe_image_reader.cc(340)] could not read dos header from C:\WINDOWS\SYSTEM32\CRYPTBASE.DLL
[0513/091821.008:ERROR:process_memory_win.cc(73)] ReadMemory at 0x7ffbed2a0000 of 64 bytes failed: Only part of a ReadProcessMemory or WriteProcessMemory request was completed. (0x12B)
[0513/091821.008:WARNING:pe_image_reader.cc(340)] could not read dos header from C:\WINDOWS\System32\IMM32.DLL
[0513/091821.008:ERROR:process_memory_win.cc(73)] ReadMemory at 0x7ffb92920000 of 64 bytes failed: Only part of a ReadProcessMemory or WriteProcessMemory request was completed. (0x12B)
[0513/091821.008:WARNING:pe_image_reader.cc(340)] could not read dos header from C:\Program Files (x86)\Google\Chrome\Application\74.0.3729.131\chrome_child.dll
[0513/091821.008:ERROR:process_memory_win.cc(73)] ReadMemory at 0x7ffbed910000 of 64 bytes failed: Only part of a ReadProcessMemory or WriteProcessMemory request was completed. (0x12B)
[0513/091821.008:WARNING:pe_image_reader.cc(340)] could not read dos header from C:\WINDOWS\System32\WS2_32.dll
[0513/091821.008:ERROR:process_memory_win.cc(73)] ReadMemory at 0x7ffbed730000 of 64 bytes failed: Only part of a ReadProcessMemory or WriteProcessMemory request was completed. (0x12B)
[0513/091821.008:WARNING:pe_image_reader.cc(340)] could not read dos header from C:\WINDOWS\System32\ole32.dll
[0513/091821.008:ERROR:process_memory_win.cc(73)] ReadMemory at 0x1b6e22d0000 of 64 bytes failed: Only part of a ReadProcessMemory or WriteProcessMemory request was completed. (0x12B)
[0513/091821.008:WARNING:pe_image_reader.cc(340)] could not read dos header from C:\WINDOWS\System32\OLEAUT32.dll
[0513/091821.009:ERROR:process_memory_win.cc(73)] ReadMemory at 0x7ffbeb750000 of 64 bytes failed: Only part of a ReadProcessMemory or WriteProcessMemory request was completed. (0x12B)
[0513/091821.009:WARNING:pe_image_reader.cc(340)] could not read dos header from C:\WINDOWS\System32\WINTRUST.dll
[0513/091821.009:ERROR:process_memory_win.cc(73)] ReadMemory at 0x7ffbea6c0000 of 64 bytes failed: Only part of a ReadProcessMemory or WriteProcessMemory request was completed. (0x12B)
[0513/091821.009:WARNING:pe_image_reader.cc(340)] could not read dos header from C:\WINDOWS\System32\MSASN1.dll
[0513/091821.009:ERROR:process_memory_win.cc(73)] ReadMemory at 0x7ffbea980000 of 64 bytes failed: Only part of a ReadProcessMemory or WriteProcessMemory request was completed. (0x12B)
[0513/091821.009:WARNING:pe_image_reader.cc(340)] could not read dos header from C:\WINDOWS\System32\CRYPT32.dll
[0513/091821.009:ERROR:process_memory_win.cc(73)] ReadMemory at 0x7ffbedcb0000 of 64 bytes failed: Only part of a ReadProcessMemory or WriteProcessMemory request was completed. (0x12B)
[0513/091821.009:WARNING:pe_image_reader.cc(340)] could not read dos header from C:\WINDOWS\System32\COMDLG32.dll
[0513/091821.009:ERROR:process_memory_win.cc(73)] ReadMemory at 0x7ffbe9bd0000 of 64 bytes failed: Only part of a ReadProcessMemory or WriteProcessMemory request was completed. (0x12B)
[0513/091821.009:WARNING:pe_image_reader.cc(340)] could not read dos header from C:\WINDOWS\SYSTEM32\IPHLPAPI.DLL
[0513/091821.009:ERROR:process_memory_win.cc(73)] ReadMemory at 0x7ffbe78b0000 of 64 bytes failed: Only part of a ReadProcessMemory or WriteProcessMemory request was completed. (0x12B)
[0513/091821.009:WARNING:pe_image_reader.cc(340)] could not read dos header from C:\WINDOWS\SYSTEM32\OLEACC.dll
[0513/091821.010:ERROR:process_memory_win.cc(73)] ReadMemory at 0x7ffbc3760000 of 64 bytes failed: Only part of a ReadProcessMemory or WriteProcessMemory request was completed. (0x12B)
[0513/091821.010:WARNING:pe_image_reader.cc(340)] could not read dos header from C:\WINDOWS\SYSTEM32\UIAutomationCore.DLL
[0513/091821.010:ERROR:process_memory_win.cc(73)] ReadMemory at 0x7ffbe72d0000 of 64 bytes failed: Only part of a ReadProcessMemory or WriteProcessMemory request was completed. (0x12B)
[0513/091821.010:WARNING:pe_image_reader.cc(340)] could not read dos header from C:\WINDOWS\SYSTEM32\WTSAPI32.dll
[0513/091821.010:ERROR:process_memory_win.cc(73)] ReadMemory at 0x7ffbca960000 of 64 bytes failed: Only part of a ReadProcessMemory or WriteProcessMemory request was completed. (0x12B)
[0513/091821.010:WARNING:pe_image_reader.cc(340)] could not read dos header from C:\WINDOWS\SYSTEM32\DWrite.dll
[0513/091821.010:ERROR:process_memory_win.cc(73)] ReadMemory at 0x7ffbe93f0000 of 64 bytes failed: Only part of a ReadProcessMemory or WriteProcessMemory request was completed. (0x12B)
[0513/091821.010:WARNING:pe_image_reader.cc(340)] could not read dos header from C:\WINDOWS\SYSTEM32\dxgi.dll
[0513/091821.010:ERROR:process_memory_win.cc(73)] ReadMemory at 0x7ffbcc190000 of 64 bytes failed: Only part of a ReadProcessMemory or WriteProcessMemory request was completed. (0x12B)
[0513/091821.010:WARNING:pe_image_reader.cc(340)] could not read dos header from C:\WINDOWS\SYSTEM32\WINSPOOL.DRV
[0513/091821.010:ERROR:process_memory_win.cc(73)] ReadMemory at 0x7ffbd3940000 of 64 bytes failed: Only part of a ReadProcessMemory or WriteProcessMemory request was completed. (0x12B)
[0513/091821.010:WARNING:pe_image_reader.cc(340)] could not read dos header from C:\WINDOWS\SYSTEM32\dbghelp.dll
[0513/091821.010:ERROR:process_memory_win.cc(73)] ReadMemory at 0x7ffbd05d0000 of 64 bytes failed: Only part of a ReadProcessMemory or WriteProcessMemory request was completed. (0x12B)
[0513/091821.010:WARNING:pe_image_reader.cc(340)] could not read dos header from C:\WINDOWS\WinSxS\amd64_microsoft.windows.common-controls_6595b64144ccf1df_6.0.17134.706_none_fb43a2cb30647007\COMCTL32.dll
[0513/091821.010:ERROR:process_memory_win.cc(73)] ReadMemory at 0x7ffbe69a0000 of 64 bytes failed: Only part of a ReadProcessMemory or WriteProcessMemory request was completed. (0x12B)
[0513/091821.010:WARNING:pe_image_reader.cc(340)] could not read dos header from C:\WINDOWS\SYSTEM32\USP10.dll
[0513/091821.010:ERROR:process_memory_win.cc(73)] ReadMemory at 0x7ffbdd250000 of 64 bytes failed: Only part of a ReadProcessMemory or WriteProcessMemory request was completed. (0x12B)
[0513/091821.010:WARNING:pe_image_reader.cc(340)] could not read dos header from C:\WINDOWS\SYSTEM32\WINHTTP.dll
[0513/091821.011:ERROR:process_memory_win.cc(73)] ReadMemory at 0x7ffbe4270000 of 64 bytes failed: Only part of a ReadProcessMemory or WriteProcessMemory request was completed. (0x12B)
[0513/091821.011:WARNING:pe_image_reader.cc(340)] could not read dos header from C:\WINDOWS\SYSTEM32\urlmon.dll
[0513/091821.011:ERROR:process_memory_win.cc(73)] ReadMemory at 0x7ffbd4250000 of 64 bytes failed: Only part of a ReadProcessMemory or WriteProcessMemory request was completed. (0x12B)
[0513/091821.011:WARNING:pe_image_reader.cc(340)] could not read dos header from C:\WINDOWS\SYSTEM32\Secur32.dll
[0513/091821.011:ERROR:process_memory_win.cc(73)] ReadMemory at 0x7ffbdec60000 of 64 bytes failed: Only part of a ReadProcessMemory or WriteProcessMemory request was completed. (0x12B)
[0513/091821.011:WARNING:pe_image_reader.cc(340)] could not read dos header from C:\WINDOWS\SYSTEM32\dhcpcsvc.DLL
[0513/091821.011:ERROR:process_memory_win.cc(73)] ReadMemory at 0x7ffbecc60000 of 64 bytes failed: Only part of a ReadProcessMemory or WriteProcessMemory request was completed. (0x12B)
[0513/091821.011:WARNING:pe_image_reader.cc(340)] could not read dos header from C:\WINDOWS\System32\NSI.dll
[0513/091821.011:ERROR:process_memory_win.cc(73)] ReadMemory at 0x7ffbe70e0000 of 64 bytes failed: Only part of a ReadProcessMemory or WriteProcessMemory request was completed. (0x12B)
[0513/091821.011:WARNING:pe_image_reader.cc(340)] could not read dos header from C:\WINDOWS\SYSTEM32\PROPSYS.dll
[0513/091821.011:ERROR:process_memory_win.cc(73)] ReadMemory at 0x7ffbea190000 of 64 bytes failed: Only part of a ReadProcessMemory or WriteProcessMemory request was completed. (0x12B)
[0513/091821.011:WARNING:pe_image_reader.cc(340)] could not read dos header from C:\WINDOWS\SYSTEM32\bcrypt.dll
[0513/091821.011:ERROR:process_memory_win.cc(73)] ReadMemory at 0x7ffbe45f0000 of 64 bytes failed: Only part of a ReadProcessMemory or WriteProcessMemory request was completed. (0x12B)
[0513/091821.011:WARNING:pe_image_reader.cc(340)] could not read dos header from C:\WINDOWS\SYSTEM32\iertutil.dll
[0513/091821.012:ERROR:process_memory_win.cc(73)] ReadMemory at 0x7ffbea560000 of 64 bytes failed: Only part of a ReadProcessMemory or WriteProcessMemory request was completed. (0x12B)
[0513/091821.012:WARNING:pe_image_reader.cc(340)] could not read dos header from C:\WINDOWS\SYSTEM32\SSPICLI.DLL
[0513/091821.042:ERROR:process_memory_win.cc(73)] ReadMemory at 0x21b25a3000 of 380928 bytes failed: Only part of a ReadProcessMemory or WriteProcessMemory request was completed. (0x12B)
[0513/091821.075:ERROR:process_memory_win.cc(73)] ReadMemory at 0x21b29fd000 of 12288 bytes failed: Only part of a ReadProcessMemory or WriteProcessMemory request was completed. (0x12B)
[0513/091821.076:ERROR:process_memory_win.cc(73)] ReadMemory at 0x21b2dfc000 of 16384 bytes failed: Only part of a ReadProcessMemory or WriteProcessMemory request was completed. (0x12B)
[0513/091821.076:ERROR:process_memory_win.cc(73)] ReadMemory at 0x21b2ffc000 of 16384 bytes failed: Only part of a ReadProcessMemory or WriteProcessMemory request was completed. (0x12B)
[0513/091821.076:ERROR:process_memory_win.cc(73)] ReadMemory at 0x21b31fe000 of 8192 bytes failed: Only part of a ReadProcessMemory or WriteProcessMemory request was completed. (0x12B)
[0513/091821.076:ERROR:process_memory_win.cc(73)] ReadMemory at 0x21b33fd000 of 12288 bytes failed: Only part of a ReadProcessMemory or WriteProcessMemory request was completed. (0x12B)
[0513/091821.076:ERROR:process_memory_win.cc(73)] ReadMemory at 0x21b35fb000 of 20480 bytes failed: Only part of a ReadProcessMemory or WriteProcessMemory request was completed. (0x12B)
[0513/091821.076:ERROR:process_memory_win.cc(73)] ReadMemory at 0x21b39f6000 of 40960 bytes failed: Only part of a ReadProcessMemory or WriteProcessMemory request was completed. (0x12B)
[0513/091821.076:ERROR:process_memory_win.cc(73)] ReadMemory at 0x21b3bf5000 of 45056 bytes failed: Only part of a ReadProcessMemory or WriteProcessMemory request was completed. (0x12B)
[0513/091821.076:ERROR:process_memory_win.cc(73)] ReadMemory at 0x21b3dfc000 of 16384 bytes failed: Only part of a ReadProcessMemory or WriteProcessMemory request was completed. (0x12B)
[0513/091821.076:ERROR:process_memory_win.cc(73)] ReadMemory at 0x21b43f5000 of 45056 bytes failed: Only part of a ReadProcessMemory or WriteProcessMemory request was completed. (0x12B)
[0513/091821.076:ERROR:process_memory_win.cc(73)] ReadMemory at 0x21b47fc000 of 16384 bytes failed: Only part of a ReadProcessMemory or WriteProcessMemory request was completed. (0x12B)
[0513/091821.076:ERROR:process_memory_win.cc(73)] ReadMemory at 0x21b49fd000 of 12288 bytes failed: Only part of a ReadProcessMemory or WriteProcessMemory request was completed. (0x12B)
[0513/091821.076:ERROR:process_memory_win.cc(73)] ReadMemory at 0x21b37fc000 of 16384 bytes failed: Only part of a ReadProcessMemory or WriteProcessMemory request was completed. (0x12B)
[0513/091821.076:ERROR:process_memory_win.cc(73)] ReadMemory at 0x21b27fd000 of 12288 bytes failed: Only part of a ReadProcessMemory or WriteProcessMemory request was completed. (0x12B)
[0513/091821.076:ERROR:process_memory_win.cc(73)] ReadMemory at 0x21b2bfd000 of 12288 bytes failed: Only part of a ReadProcessMemory or WriteProcessMemory request was completed. (0x12B)
[0513/091821.076:ERROR:process_memory_win.cc(73)] ReadMemory at 0x21b3ffe000 of 8192 bytes failed: Only part of a ReadProcessMemory or WriteProcessMemory request was completed. (0x12B)
[0513/091821.076:ERROR:process_memory_win.cc(73)] ReadMemory at 0x21b225a000 of 852 bytes failed: Only part of a ReadProcessMemory or WriteProcessMemory request was completed. (0x12B)
[0513/091821.076:ERROR:process_memory_win.cc(73)] ReadMemory at 0x21b225b000 of 6024 bytes failed: Only part of a ReadProcessMemory or WriteProcessMemory request was completed. (0x12B)
[0513/091821.077:ERROR:process_memory_win.cc(73)] ReadMemory at 0x21b225f000 of 6024 bytes failed: Only part of a ReadProcessMemory or WriteProcessMemory request was completed. (0x12B)
[0513/091821.077:ERROR:process_memory_win.cc(73)] ReadMemory at 0x21b2263000 of 6024 bytes failed: Only part of a ReadProcessMemory or WriteProcessMemory request was completed. (0x12B)
[0513/091821.077:ERROR:process_memory_win.cc(73)] ReadMemory at 0x21b2265000 of 6024 bytes failed: Only part of a ReadProcessMemory or WriteProcessMemory request was completed. (0x12B)
[0513/091821.077:ERROR:process_memory_win.cc(73)] ReadMemory at 0x21b2267000 of 6024 bytes failed: Only part of a ReadProcessMemory or WriteProcessMemory request was completed. (0x12B)
[0513/091821.077:ERROR:process_memory_win.cc(73)] ReadMemory at 0x21b2269000 of 6024 bytes failed: Only part of a ReadProcessMemory or WriteProcessMemory request was completed. (0x12B)
[0513/091821.077:ERROR:process_memory_win.cc(73)] ReadMemory at 0x21b226b000 of 6024 bytes failed: Only part of a ReadProcessMemory or WriteProcessMemory request was completed. (0x12B)
[0513/091821.077:ERROR:process_memory_win.cc(73)] ReadMemory at 0x21b226f000 of 6024 bytes failed: Only part of a ReadProcessMemory or WriteProcessMemory request was completed. (0x12B)
[0513/091821.077:ERROR:process_memory_win.cc(73)] ReadMemory at 0x21b2271000 of 6024 bytes failed: Only part of a ReadProcessMemory or WriteProcessMemory request was completed. (0x12B)
[0513/091821.077:ERROR:process_memory_win.cc(73)] ReadMemory at 0x21b2273000 of 6024 bytes failed: Only part of a ReadProcessMemory or WriteProcessMemory request was completed. (0x12B)
[0513/091821.077:ERROR:process_memory_win.cc(73)] ReadMemory at 0x21b2279000 of 6024 bytes failed: Only part of a ReadProcessMemory or WriteProcessMemory request was completed. (0x12B)
[0513/091821.077:ERROR:process_memory_win.cc(73)] ReadMemory at 0x21b227f000 of 6024 bytes failed: Only part of a ReadProcessMemory or WriteProcessMemory request was completed. (0x12B)
[0513/091821.077:ERROR:process_memory_win.cc(73)] ReadMemory at 0x21b2281000 of 6024 bytes failed: Only part of a ReadProcessMemory or WriteProcessMemory request was completed. (0x12B)
[0513/091821.077:ERROR:process_memory_win.cc(73)] ReadMemory at 0x21b229f000 of 6024 bytes failed: Only part of a ReadProcessMemory or WriteProcessMemory request was completed. (0x12B)
[0513/091821.077:ERROR:process_memory_win.cc(73)] ReadMemory at 0x21b22ab000 of 6024 bytes failed: Only part of a ReadProcessMemory or WriteProcessMemory request was completed. (0x12B)
[0513/091821.077:ERROR:process_memory_win.cc(73)] ReadMemory at 0x21b22ad000 of 6024 bytes failed: Only part of a ReadProcessMemory or WriteProcessMemory request was completed. (0x12B)
[0513/091821.077:ERROR:process_memory_win.cc(73)] ReadMemory at 0x21b22af000 of 6024 bytes failed: Only part of a ReadProcessMemory or WriteProcessMemory request was completed. (0x12B)
[0513/091821.077:ERROR:process_memory_win.cc(73)] ReadMemory at 0x1b6e2140fc0 of 5252 bytes failed: Only part of a ReadProcessMemory or WriteProcessMemory request was completed. (0x12B)
[0513/091821.077:ERROR:process_memory_win.cc(73)] ReadMemory at 0x1b6e2142450 of 1012 bytes failed: Only part of a ReadProcessMemory or WriteProcessMemory request was completed. (0x12B)
[0513/091821.077:ERROR:process_memory_win.cc(73)] ReadMemory at 0x1b6e2142a68 of 118 bytes failed: Only part of a ReadProcessMemory or WriteProcessMemory request was completed. (0x12B)
[0513/091821.078:ERROR:process_memory_win.cc(73)] ReadMemory at 0x1b6e2142ae0 of 1004 bytes failed: Only part of a ReadProcessMemory or WriteProcessMemory request was completed. (0x12B)
[0513/091821.078:ERROR:process_memory_win.cc(73)] ReadMemory at 0x1b6e2142ece of 118 bytes failed: Only part of a ReadProcessMemory or WriteProcessMemory request was completed. (0x12B)
[0513/091821.078:ERROR:process_memory_win.cc(73)] ReadMemory at 0x1b6e2142f46 of 102 bytes failed: Only part of a ReadProcessMemory or WriteProcessMemory request was completed. (0x12B)
[0513/091821.078:ERROR:process_memory_win.cc(73)] ReadMemory at 0x1b6e2142fc0 of 58 bytes failed: Only part of a ReadProcessMemory or WriteProcessMemory request was completed. (0x12B)
[0513/091821.078:ERROR:process_memory_win.cc(73)] ReadMemory at 0x1b6e21430c0 of 132 bytes failed: Only part of a ReadProcessMemory or WriteProcessMemory request was completed. (0x12B)
[0513/091821.078:ERROR:process_memory_win.cc(73)] ReadMemory at 0x1b6e2143250 of 132 bytes failed: Only part of a ReadProcessMemory or WriteProcessMemory request was completed. (0x12B)
[0513/091821.078:ERROR:process_memory_win.cc(73)] ReadMemory at 0x1b6e2143410 of 126 bytes failed: Only part of a ReadProcessMemory or WriteProcessMemory request was completed. (0x12B)
[0513/091821.078:ERROR:process_memory_win.cc(73)] ReadMemory at 0x1b6e21437f0 of 132 bytes failed: Only part of a ReadProcessMemory or WriteProcessMemory request was completed. (0x12B)
[0513/091821.078:ERROR:process_memory_win.cc(73)] ReadMemory at 0x1b6e2143980 of 64 bytes failed: Only part of a ReadProcessMemory or WriteProcessMemory request was completed. (0x12B)
[0513/091821.078:ERROR:process_memory_win.cc(73)] ReadMemory at 0x1b6e2143d40 of 62 bytes failed: Only part of a ReadProcessMemory or WriteProcessMemory request was completed. (0x12B)
[0513/091821.078:ERROR:process_memory_win.cc(73)] ReadMemory at 0x1b6e2143dd0 of 132 bytes failed: Only part of a ReadProcessMemory or WriteProcessMemory request was completed. (0x12B)
[0513/091821.078:ERROR:process_memory_win.cc(73)] ReadMemory at 0x1b6e2143f60 of 68 bytes failed: Only part of a ReadProcessMemory or WriteProcessMemory request was completed. (0x12B)
[0513/091821.078:ERROR:process_memory_win.cc(73)] ReadMemory at 0x1b6e2144ea0 of 132 bytes failed: Only part of a ReadProcessMemory or WriteProcessMemory request was completed. (0x12B)
[0513/091821.078:ERROR:process_memory_win.cc(73)] ReadMemory at 0x1b6e214a390 of 132 bytes failed: Only part of a ReadProcessMemory or WriteProcessMemory request was completed. (0x12B)
[0513/091821.078:ERROR:process_memory_win.cc(73)] ReadMemory at 0x1b6e214a5a0 of 132 bytes failed: Only part of a ReadProcessMemory or WriteProcessMemory request was completed. (0x12B)
[0513/091821.078:ERROR:process_memory_win.cc(73)] ReadMemory at 0x1b6e214a730 of 62 bytes failed: Only part of a ReadProcessMemory or WriteProcessMemory request was completed. (0x12B)
[0513/091821.078:ERROR:process_memory_win.cc(73)] ReadMemory at 0x1b6e214d370 of 132 bytes failed: Only part of a ReadProcessMemory or WriteProcessMemory request was completed. (0x12B)
[0513/091821.078:ERROR:process_memory_win.cc(73)] ReadMemory at 0x1b6e214d4a0 of 60 bytes failed: Only part of a ReadProcessMemory or WriteProcessMemory request was completed. (0x12B)
[0513/091821.078:ERROR:process_memory_win.cc(73)] ReadMemory at 0x1b6e214d630 of 132 bytes failed: Only part of a ReadProcessMemory or WriteProcessMemory request was completed. (0x12B)
[0513/091821.078:ERROR:process_memory_win.cc(73)] ReadMemory at 0x1b6e214d7c0 of 64 bytes failed: Only part of a ReadProcessMemory or WriteProcessMemory request was completed. (0x12B)
[0513/091821.078:ERROR:process_memory_win.cc(73)] ReadMemory at 0x1b6e214da40 of 132 bytes failed: Only part of a ReadProcessMemory or WriteProcessMemory request was completed. (0x12B)
[0513/091821.078:ERROR:process_memory_win.cc(73)] ReadMemory at 0x1b6e214dbd0 of 64 bytes failed: Only part of a ReadProcessMemory or WriteProcessMemory request was completed. (0x12B)
[0513/091821.078:ERROR:process_memory_win.cc(73)] ReadMemory at 0x1b6e214dc20 of 158 bytes failed: Only part of a ReadProcessMemory or WriteProcessMemory request was completed. (0x12B)
[0513/091821.078:ERROR:process_memory_win.cc(73)] ReadMemory at 0x1b6e214de30 of 132 bytes failed: Only part of a ReadProcessMemory or WriteProcessMemory request was completed. (0x12B)
[0513/091821.078:ERROR:process_memory_win.cc(73)] ReadMemory at 0x1b6e214dfc0 of 60 bytes failed: Only part of a ReadProcessMemory or WriteProcessMemory request was completed. (0x12B)
[0513/091821.078:ERROR:process_memory_win.cc(73)] ReadMemory at 0x1b6e214e2e0 of 132 bytes failed: Only part of a ReadProcessMemory or WriteProcessMemory request was completed. (0x12B)
[0513/091821.079:ERROR:process_memory_win.cc(73)] ReadMemory at 0x1b6e214e470 of 60 bytes failed: Only part of a ReadProcessMemory or WriteProcessMemory request was completed. (0x12B)
[0513/091821.079:ERROR:process_memory_win.cc(73)] ReadMemory at 0x1b6e214e6b0 of 132 bytes failed: Only part of a ReadProcessMemory or WriteProcessMemory request was completed. (0x12B)
[0513/091821.079:ERROR:process_memory_win.cc(73)] ReadMemory at 0x1b6e214e840 of 62 bytes failed: Only part of a ReadProcessMemory or WriteProcessMemory request was completed. (0x12B)
[0513/091821.079:ERROR:process_memory_win.cc(73)] ReadMemory at 0x1b6e214ef90 of 132 bytes failed: Only part of a ReadProcessMemory or WriteProcessMemory request was completed. (0x12B)
[0513/091821.079:ERROR:process_memory_win.cc(73)] ReadMemory at 0x1b6e214f290 of 76 bytes failed: Only part of a ReadProcessMemory or WriteProcessMemory request was completed. (0x12B)
[0513/091821.079:ERROR:process_memory_win.cc(73)] ReadMemory at 0x1b6e214f2f0 of 78 bytes failed: Only part of a ReadProcessMemory or WriteProcessMemory request was completed. (0x12B)
[0513/091821.079:ERROR:process_memory_win.cc(73)] ReadMemory at 0x1b6e214f710 of 80 bytes failed: Only part of a ReadProcessMemory or WriteProcessMemory request was completed. (0x12B)
[0513/091821.079:ERROR:process_memory_win.cc(73)] ReadMemory at 0x1b6e214fac0 of 132 bytes failed: Only part of a ReadProcessMemory or WriteProcessMemory request was completed. (0x12B)
[0513/091821.079:ERROR:process_memory_win.cc(73)] ReadMemory at 0x1b6e214ffa0 of 132 bytes failed: Only part of a ReadProcessMemory or WriteProcessMemory request was completed. (0x12B)
[0513/091821.079:ERROR:process_memory_win.cc(73)] ReadMemory at 0x1b6e2150120 of 66 bytes failed: Only part of a ReadProcessMemory or WriteProcessMemory request was completed. (0x12B)
[0513/091821.079:ERROR:process_memory_win.cc(73)] ReadMemory at 0x1b6e2150170 of 66 bytes failed: Only part of a ReadProcessMemory or WriteProcessMemory request was completed. (0x12B)
[0513/091821.123:ERROR:process_memory_win.cc(73)] ReadMemory at 0x1b6e2150210 of 62 bytes failed: Only part of a ReadProcessMemory or WriteProcessMemory request was completed. (0x12B)
[0513/091821.123:ERROR:process_memory_win.cc(73)] ReadMemory at 0x1b6e2150260 of 62 bytes failed: Only part of a ReadProcessMemory or WriteProcessMemory request was completed. (0x12B)
[0513/091821.124:ERROR:process_memory_win.cc(73)] ReadMemory at 0x1b6e21503a0 of 64 bytes failed: Only part of a ReadProcessMemory or WriteProcessMemory request was completed. (0x12B)
[0513/091821.124:ERROR:process_memory_win.cc(73)] ReadMemory at 0x1b6e21503f0 of 62 bytes failed: Only part of a ReadProcessMemory or WriteProcessMemory request was completed. (0x12B)
[0513/091821.124:ERROR:process_memory_win.cc(73)] ReadMemory at 0x1b6e21504e0 of 62 bytes failed: Only part of a ReadProcessMemory or WriteProcessMemory request was completed. (0x12B)
[0513/091821.124:ERROR:process_memory_win.cc(73)] ReadMemory at 0x1b6e2150530 of 66 bytes failed: Only part of a ReadProcessMemory or WriteProcessMemory request was completed. (0x12B)
[0513/091821.124:ERROR:process_memory_win.cc(73)] ReadMemory at 0x1b6e2150580 of 60 bytes failed: Only part of a ReadProcessMemory or WriteProcessMemory request was completed. (0x12B)
[0513/091821.124:ERROR:process_memory_win.cc(73)] ReadMemory at 0x1b6e2150620 of 60 bytes failed: Only part of a ReadProcessMemory or WriteProcessMemory request was completed. (0x12B)
[0513/091821.125:ERROR:process_memory_win.cc(73)] ReadMemory at 0x1b6e2150670 of 62 bytes failed: Only part of a ReadProcessMemory or WriteProcessMemory request was completed. (0x12B)
[0513/091821.125:ERROR:process_memory_win.cc(73)] ReadMemory at 0x1b6e2150710 of 58 bytes failed: Only part of a ReadProcessMemory or WriteProcessMemory request was completed. (0x12B)
[0513/091821.125:ERROR:process_memory_win.cc(73)] ReadMemory at 0x1b6e2150760 of 60 bytes failed: Only part of a ReadProcessMemory or WriteProcessMemory request was completed. (0x12B)
[0513/091821.125:ERROR:process_memory_win.cc(73)] ReadMemory at 0x1b6e21507b0 of 64 bytes failed: Only part of a ReadProcessMemory or WriteProcessMemory request was completed. (0x12B)
[0513/091821.125:ERROR:process_memory_win.cc(73)] ReadMemory at 0x1b6e2150850 of 58 bytes failed: Only part of a ReadProcessMemory or WriteProcessMemory request was completed. (0x12B)
[0513/091821.125:ERROR:process_memory_win.cc(73)] ReadMemory at 0x1b6e2151a00 of 132 bytes failed: Only part of a ReadProcessMemory or WriteProcessMemory request was completed. (0x12B)
[0513/091821.125:ERROR:process_memory_win.cc(73)] ReadMemory at 0x1b6e2151c50 of 132 bytes failed: Only part of a ReadProcessMemory or WriteProcessMemory request was completed. (0x12B)
[0513/091821.125:ERROR:process_memory_win.cc(73)] ReadMemory at 0x1b6e2151d80 of 132 bytes failed: Only part of a ReadProcessMemory or WriteProcessMemory request was completed. (0x12B)
[0513/091821.125:ERROR:process_memory_win.cc(73)] ReadMemory at 0x1b6e2151eb0 of 132 bytes failed: Only part of a ReadProcessMemory or WriteProcessMemory request was completed. (0x12B)
[0513/091821.126:ERROR:process_memory_win.cc(73)] ReadMemory at 0x1b6e2151fe0 of 132 bytes failed: Only part of a ReadProcessMemory or WriteProcessMemory request was completed. (0x12B)
[0513/091821.126:ERROR:process_memory_win.cc(73)] ReadMemory at 0x1b6e2152110 of 132 bytes failed: Only part of a ReadProcessMemory or WriteProcessMemory request was completed. (0x12B)
[0513/091821.126:ERROR:process_memory_win.cc(73)] ReadMemory at 0x1b6e2152240 of 132 bytes failed: Only part of a ReadProcessMemory or WriteProcessMemory request was completed. (0x12B)
[0513/091821.126:ERROR:process_memory_win.cc(73)] ReadMemory at 0x1b6e2152370 of 132 bytes failed: Only part of a ReadProcessMemory or WriteProcessMemory request was completed. (0x12B)
[0513/091821.126:ERROR:process_memory_win.cc(73)] ReadMemory at 0x1b6e21524a0 of 132 bytes failed: Only part of a ReadProcessMemory or WriteProcessMemory request was completed. (0x12B)
[0513/091821.126:ERROR:process_memory_win.cc(73)] ReadMemory at 0x1b6e21525d0 of 132 bytes failed: Only part of a ReadProcessMemory or WriteProcessMemory request was completed. (0x12B)
[0513/091821.126:ERROR:process_memory_win.cc(73)] ReadMemory at 0x1b6e2152700 of 132 bytes failed: Only part of a ReadProcessMemory or WriteProcessMemory request was completed. (0x12B)
[0513/091821.126:ERROR:process_memory_win.cc(73)] ReadMemory at 0x1b6e2152830 of 132 bytes failed: Only part of a ReadProcessMemory or WriteProcessMemory request was completed. (0x12B)
[0513/091821.127:ERROR:process_memory_win.cc(73)] ReadMemory at 0x1b6e2152960 of 132 bytes failed: Only part of a ReadProcessMemory or WriteProcessMemory request was completed. (0x12B)
[0513/091821.127:ERROR:process_memory_win.cc(73)] ReadMemory at 0x1b6e2152a90 of 132 bytes failed: Only part of a ReadProcessMemory or WriteProcessMemory request was completed. (0x12B)
[0513/091821.127:ERROR:process_memory_win.cc(73)] ReadMemory at 0x1b6e21542f0 of 246 bytes failed: Only part of a ReadProcessMemory or WriteProcessMemory request was completed. (0x12B)
[0513/091821.127:ERROR:process_memory_win.cc(73)] ReadMemory at 0x1b6e2154570 of 154 bytes failed: Only part of a ReadProcessMemory or WriteProcessMemory request was completed. (0x12B)
[0513/091821.127:ERROR:process_memory_win.cc(73)] ReadMemory at 0x1b6e2155e80 of 132 bytes failed: Only part of a ReadProcessMemory or WriteProcessMemory request was completed. (0x12B)
[0513/091821.127:ERROR:process_memory_win.cc(73)] ReadMemory at 0x1b6e2155fb0 of 132 bytes failed: Only part of a ReadProcessMemory or WriteProcessMemory request was completed. (0x12B)
[0513/091821.127:ERROR:process_memory_win.cc(73)] ReadMemory at 0x1b6e21560e0 of 132 bytes failed: Only part of a ReadProcessMemory or WriteProcessMemory request was completed. (0x12B)
[0513/091821.127:ERROR:process_memory_win.cc(73)] ReadMemory at 0x1b6e2156210 of 132 bytes failed: Only part of a ReadProcessMemory or WriteProcessMemory request was completed. (0x12B)
[0513/091821.128:ERROR:process_memory_win.cc(73)] ReadMemory at 0x1b6e2156340 of 132 bytes failed: Only part of a ReadProcessMemory or WriteProcessMemory request was completed. (0x12B)
[0513/091821.128:ERROR:process_memory_win.cc(73)] ReadMemory at 0x1b6e2156470 of 132 bytes failed: Only part of a ReadProcessMemory or WriteProcessMemory request was completed. (0x12B)
[0513/091821.128:ERROR:process_memory_win.cc(73)] ReadMemory at 0x1b6e21565a0 of 132 bytes failed: Only part of a ReadProcessMemory or WriteProcessMemory request was completed. (0x12B)
[0513/091821.128:ERROR:process_memory_win.cc(73)] ReadMemory at 0x1b6e21566d0 of 132 bytes failed: Only part of a ReadProcessMemory or WriteProcessMemory request was completed. (0x12B)
[0513/091821.128:ERROR:process_memory_win.cc(73)] ReadMemory at 0x1b6e2156930 of 132 bytes failed: Only part of a ReadProcessMemory or WriteProcessMemory request was completed. (0x12B)
[0513/091821.128:ERROR:process_memory_win.cc(73)] ReadMemory at 0x1b6e2156a60 of 132 bytes failed: Only part of a ReadProcessMemory or WriteProcessMemory request was completed. (0x12B)
[0513/091821.128:ERROR:process_memory_win.cc(73)] ReadMemory at 0x1b6e2156b90 of 132 bytes failed: Only part of a ReadProcessMemory or WriteProcessMemory request was completed. (0x12B)
[0513/091821.128:ERROR:process_memory_win.cc(73)] ReadMemory at 0x1b6e2156cc0 of 132 bytes failed: Only part of a ReadProcessMemory or WriteProcessMemory request was completed. (0x12B)
[0513/091821.128:ERROR:process_memory_win.cc(73)] ReadMemory at 0x1b6e2156df0 of 132 bytes failed: Only part of a ReadProcessMemory or WriteProcessMemory request was completed. (0x12B)
[0513/091821.129:ERROR:process_memory_win.cc(73)] ReadMemory at 0x1b6e2156f20 of 132 bytes failed: Only part of a ReadProcessMemory or WriteProcessMemory request was completed. (0x12B)
[0513/091821.144:ERROR:process_memory_win.cc(73)] ReadMemory at 0x1b6e2157050 of 132 bytes failed: Only part of a ReadProcessMemory or WriteProcessMemory request was completed. (0x12B)
[0513/091821.144:ERROR:process_memory_win.cc(73)] ReadMemory at 0x1b6e2157180 of 132 bytes failed: Only part of a ReadProcessMemory or WriteProcessMemory request was completed. (0x12B)
[0513/091821.144:ERROR:process_memory_win.cc(73)] ReadMemory at 0x1b6e21572b0 of 132 bytes failed: Only part of a ReadProcessMemory or WriteProcessMemory request was completed. (0x12B)
[0513/091821.144:ERROR:process_memory_win.cc(73)] ReadMemory at 0x1b6e21573e0 of 132 bytes failed: Only part of a ReadProcessMemory or WriteProcessMemory request was completed. (0x12B)
[0513/091821.144:ERROR:process_memory_win.cc(73)] ReadMemory at 0x1b6e2157510 of 132 bytes failed: Only part of a ReadProcessMemory or WriteProcessMemory request was completed. (0x12B)
[0513/091821.145:ERROR:process_memory_win.cc(73)] ReadMemory at 0x1b6e2157640 of 132 bytes failed: Only part of a ReadProcessMemory or WriteProcessMemory request was completed. (0x12B)
[0513/091821.145:ERROR:process_memory_win.cc(73)] ReadMemory at 0x1b6e2157770 of 132 bytes failed: Only part of a ReadProcessMemory or WriteProcessMemory request was completed. (0x12B)
[0513/091821.145:ERROR:process_memory_win.cc(73)] ReadMemory at 0x1b6e21578a0 of 132 bytes failed: Only part of a ReadProcessMemory or WriteProcessMemory request was completed. (0x12B)
[0513/091821.145:ERROR:process_memory_win.cc(73)] ReadMemory at 0x1b6e21579d0 of 132 bytes failed: Only part of a ReadProcessMemory or WriteProcessMemory request was completed. (0x12B)
[0513/091821.145:ERROR:process_memory_win.cc(73)] ReadMemory at 0x1b6e2157b00 of 132 bytes failed: Only part of a ReadProcessMemory or WriteProcessMemory request was completed. (0x12B)
[0513/091821.145:ERROR:process_memory_win.cc(73)] ReadMemory at 0x1b6e2157c30 of 132 bytes failed: Only part of a ReadProcessMemory or WriteProcessMemory request was completed. (0x12B)
[0513/091821.145:ERROR:process_memory_win.cc(73)] ReadMemory at 0x1b6e2159ac0 of 80 bytes failed: Only part of a ReadProcessMemory or WriteProcessMemory request was completed. (0x12B)
[0513/091821.145:ERROR:process_memory_win.cc(73)] ReadMemory at 0x1b6e2159fd0 of 64 bytes failed: Only part of a ReadProcessMemory or WriteProcessMemory request was completed. (0x12B)
[0513/091821.145:ERROR:process_memory_win.cc(73)] ReadMemory at 0x1b6e215a1b0 of 60 bytes failed: Only part of a ReadProcessMemory or WriteProcessMemory request was completed. (0x12B)
[0513/091821.146:ERROR:process_memory_win.cc(73)] ReadMemory at 0x1b6e215a200 of 60 bytes failed: Only part of a ReadProcessMemory or WriteProcessMemory request was completed. (0x12B)
[0513/091821.146:ERROR:process_memory_win.cc(73)] ReadMemory at 0x1b6e215a480 of 58 bytes failed: Only part of a ReadProcessMemory or WriteProcessMemory request was completed. (0x12B)
[0513/091821.146:ERROR:process_memory_win.cc(73)] ReadMemory at 0x1b6e215a4d0 of 62 bytes failed: Only part of a ReadProcessMemory or WriteProcessMemory request was completed. (0x12B)
[0513/091821.146:ERROR:process_memory_win.cc(73)] ReadMemory at 0x1b6e215a570 of 64 bytes failed: Only part of a ReadProcessMemory or WriteProcessMemory request was completed. (0x12B)
[0513/091821.146:ERROR:process_memory_win.cc(73)] ReadMemory at 0x1b6e215a5c0 of 66 bytes failed: Only part of a ReadProcessMemory or WriteProcessMemory request was completed. (0x12B)
[0513/091821.146:ERROR:process_memory_win.cc(73)] ReadMemory at 0x1b6e215a6b0 of 58 bytes failed: Only part of a ReadProcessMemory or WriteProcessMemory request was completed. (0x12B)
[0513/091821.146:ERROR:process_memory_win.cc(73)] ReadMemory at 0x1b6e215a7a0 of 64 bytes failed: Only part of a ReadProcessMemory or WriteProcessMemory request was completed. (0x12B)
[0513/091821.146:ERROR:process_memory_win.cc(73)] ReadMemory at 0x1b6e215a840 of 60 bytes failed: Only part of a ReadProcessMemory or WriteProcessMemory request was completed. (0x12B)
[0513/091821.147:ERROR:process_memory_win.cc(73)] ReadMemory at 0x1b6e215a930 of 64 bytes failed: Only part of a ReadProcessMemory or WriteProcessMemory request was completed. (0x12B)
[0513/091821.147:ERROR:process_memory_win.cc(73)] ReadMemory at 0x1b6e21646f0 of 54 bytes failed: Only part of a ReadProcessMemory or WriteProcessMemory request was completed. (0x12B)
[0513/091821.147:ERROR:process_memory_win.cc(73)] ReadMemory at 0x1b6e21692f0 of 60 bytes failed: Only part of a ReadProcessMemory or WriteProcessMemory request was completed. (0x12B)
[0513/091821.147:ERROR:process_memory_win.cc(73)] ReadMemory at 0x1b6e2169340 of 62 bytes failed: Only part of a ReadProcessMemory or WriteProcessMemory request was completed. (0x12B)
[0513/091821.147:ERROR:process_memory_win.cc(73)] ReadMemory at 0x1b6e21694d0 of 60 bytes failed: Only part of a ReadProcessMemory or WriteProcessMemory request was completed. (0x12B)
[0513/091821.147:ERROR:process_memory_win.cc(73)] ReadMemory at 0x1b6e21697a0 of 62 bytes failed: Only part of a ReadProcessMemory or WriteProcessMemory request was completed. (0x12B)
[0513/091821.147:ERROR:process_memory_win.cc(73)] ReadMemory at 0x1b6e2169840 of 64 bytes failed: Only part of a ReadProcessMemory or WriteProcessMemory request was completed. (0x12B)
[0513/091821.147:ERROR:process_memory_win.cc(73)] ReadMemory at 0x1b6e21699d0 of 62 bytes failed: Only part of a ReadProcessMemory or WriteProcessMemory request was completed. (0x12B)
[0513/091821.147:ERROR:process_memory_win.cc(73)] ReadMemory at 0x1b6e2169bb0 of 64 bytes failed: Only part of a ReadProcessMemory or WriteProcessMemory request was completed. (0x12B)
[0513/091821.148:ERROR:process_memory_win.cc(73)] ReadMemory at 0x1b6e2169cf0 of 56 bytes failed: Only part of a ReadProcessMemory or WriteProcessMemory request was completed. (0x12B)
[0513/091821.148:ERROR:process_memory_win.cc(73)] ReadMemory at 0x1b6e2169d90 of 62 bytes failed: Only part of a ReadProcessMemory or WriteProcessMemory request was completed. (0x12B)
[0513/091821.148:ERROR:process_memory_win.cc(73)] ReadMemory at 0x1b6e2169de0 of 60 bytes failed: Only part of a ReadProcessMemory or WriteProcessMemory request was completed. (0x12B)
[0513/091821.148:ERROR:process_memory_win.cc(73)] ReadMemory at 0x1b6e2169e30 of 64 bytes failed: Only part of a ReadProcessMemory or WriteProcessMemory request was completed. (0x12B)
[0513/091821.148:ERROR:process_memory_win.cc(73)] ReadMemory at 0x1b6e2169ed0 of 64 bytes failed: Only part of a ReadProcessMemory or WriteProcessMemory request was completed. (0x12B)
[0513/091821.148:ERROR:process_memory_win.cc(73)] ReadMemory at 0x1b6e2169f20 of 58 bytes failed: Only part of a ReadProcessMemory or WriteProcessMemory request was completed. (0x12B)
[0513/091821.148:ERROR:process_memory_win.cc(73)] ReadMemory at 0x1b6e2169f70 of 62 bytes failed: Only part of a ReadProcessMemory or WriteProcessMemory request was completed. (0x12B)
[0513/091821.148:ERROR:process_memory_win.cc(73)] ReadMemory at 0x1b6e216a9c0 of 132 bytes failed: Only part of a ReadProcessMemory or WriteProcessMemory request was completed. (0x12B)
[0513/091821.148:ERROR:process_memory_win.cc(73)] ReadMemory at 0x1b6e216ac20 of 132 bytes failed: Only part of a ReadProcessMemory or WriteProcessMemory request was completed. (0x12B)
[0513/091821.148:ERROR:process_memory_win.cc(73)] ReadMemory at 0x1b6e216ad50 of 132 bytes failed: Only part of a ReadProcessMemory or WriteProcessMemory request was completed. (0x12B)
[0513/091821.149:ERROR:process_memory_win.cc(73)] ReadMemory at 0x1b6e216bb90 of 132 bytes failed: Only part of a ReadProcessMemory or WriteProcessMemory request was completed. (0x12B)
[0513/091821.149:ERROR:process_memory_win.cc(73)] ReadMemory at 0x1b6e216bcc0 of 132 bytes failed: Only part of a ReadProcessMemory or WriteProcessMemory request was completed. (0x12B)
[0513/091821.149:ERROR:process_memory_win.cc(73)] ReadMemory at 0x1b6e217b1d0 of 512 bytes failed: Only part of a ReadProcessMemory or WriteProcessMemory request was completed. (0x12B)
[0513/091821.149:ERROR:process_memory_win.cc(73)] ReadMemory at 0x1b6e217bf70 of 512 bytes failed: Only part of a ReadProcessMemory or WriteProcessMemory request was completed. (0x12B)
[0513/091821.149:ERROR:process_memory_win.cc(73)] ReadMemory at 0x1b6e25d2800 of 512 bytes failed: Only part of a ReadProcessMemory or WriteProcessMemory request was completed. (0x12B)
[0513/091821.149:ERROR:process_memory_win.cc(73)] ReadMemory at 0x1b6e26022a0 of 512 bytes failed: Only part of a ReadProcessMemory or WriteProcessMemory request was completed. (0x12B)
[0513/091821.149:ERROR:process_memory_win.cc(73)] ReadMemory at 0x1b6e26103d0 of 512 bytes failed: Only part of a ReadProcessMemory or WriteProcessMemory request was completed. (0x12B)
[0513/091821.149:ERROR:process_memory_win.cc(73)] ReadMemory at 0x1b6e263de50 of 512 bytes failed: Only part of a ReadProcessMemory or WriteProcessMemory request was completed. (0x12B)
[0513/091821.150:ERROR:process_memory_win.cc(73)] ReadMemory at 0x1b6e2657440 of 512 bytes failed: Only part of a ReadProcessMemory or WriteProcessMemory request was completed. (0x12B)
[0513/091821.150:ERROR:process_memory_win.cc(73)] ReadMemory at 0x1b6e2667530 of 696 bytes failed: Only part of a ReadProcessMemory or WriteProcessMemory request was completed. (0x12B)
[0513/091821.150:ERROR:process_memory_win.cc(73)] ReadMemory at 0x1b6e2690d90 of 512 bytes failed: Only part of a ReadProcessMemory or WriteProcessMemory request was completed. (0x12B)
[0513/091821.150:ERROR:process_memory_win.cc(73)] ReadMemory at 0x1b6e45c6780 of 512 bytes failed: Only part of a ReadProcessMemory or WriteProcessMemory request was completed. (0x12B)
[0513/091821.150:ERROR:process_memory_win.cc(73)] ReadMemory at 0x1b6e45c8f10 of 512 bytes failed: Only part of a ReadProcessMemory or WriteProcessMemory request was completed. (0x12B)
[0513/091821.150:ERROR:process_memory_win.cc(73)] ReadMemory at 0x1b6e45ca890 of 512 bytes failed: Only part of a ReadProcessMemory or WriteProcessMemory request was completed. (0x12B)
[0513/091821.151:ERROR:process_memory_win.cc(73)] ReadMemory at 0x1b6e4b01ad0 of 512 bytes failed: Only part of a ReadProcessMemory or WriteProcessMemory request was completed. (0x12B)
[0513/091821.151:ERROR:process_memory_win.cc(73)] ReadMemory at 0x1b6e4c678d0 of 512 bytes failed: Only part of a ReadProcessMemory or WriteProcessMemory request was completed. (0x12B)
[0513/091821.151:ERROR:process_memory_win.cc(73)] ReadMemory at 0x1b6e4c68ba8 of 512 bytes failed: Only part of a ReadProcessMemory or WriteProcessMemory request was completed. (0x12B)
[0513/091821.151:ERROR:process_memory_win.cc(73)] ReadMemory at 0x1b6e5c62d20 of 512 bytes failed: Only part of a ReadProcessMemory or WriteProcessMemory request was completed. (0x12B)
[0513/091821.151:ERROR:process_memory_win.cc(73)] ReadMemory at 0x1b6e5ed78e0 of 560 bytes failed: Only part of a ReadProcessMemory or WriteProcessMemory request was completed. (0x12B)
[0513/091821.152:ERROR:process_memory_win.cc(73)] ReadMemory at 0x1b6e5ffad50 of 512 bytes failed: Only part of a ReadProcessMemory or WriteProcessMemory request was completed. (0x12B)
[0513/091821.152:ERROR:process_memory_win.cc(73)] ReadMemory at 0x1b6e6008238 of 512 bytes failed: Only part of a ReadProcessMemory or WriteProcessMemory request was completed. (0x12B)
[0513/091821.152:ERROR:process_memory_win.cc(73)] ReadMemory at 0x1b6e7440fa0 of 512 bytes failed: Only part of a ReadProcessMemory or WriteProcessMemory request was completed. (0x12B)
[0513/091821.152:ERROR:process_memory_win.cc(73)] ReadMemory at 0x1b6e798c3d0 of 512 bytes failed: Only part of a ReadProcessMemory or WriteProcessMemory request was completed. (0x12B)
[0513/091821.152:ERROR:process_memory_win.cc(73)] ReadMemory at 0x1b6e7db20c0 of 512 bytes failed: Only part of a ReadProcessMemory or WriteProcessMemory request was completed. (0x12B)
[0513/091821.153:ERROR:process_memory_win.cc(73)] ReadMemory at 0x1b6e7e7ffd0 of 512 bytes failed: Only part of a ReadProcessMemory or WriteProcessMemory request was completed. (0x12B)
[0513/091821.153:ERROR:process_memory_win.cc(73)] ReadMemory at 0x1b6e89e7000 of 400 bytes failed: Only part of a ReadProcessMemory or WriteProcessMemory request was completed. (0x12B)
[0513/091821.153:ERROR:process_memory_win.cc(73)] ReadMemory at 0x1b6e89f0298 of 512 bytes failed: Only part of a ReadProcessMemory or WriteProcessMemory request was completed. (0x12B)
[0513/091821.153:ERROR:process_memory_win.cc(73)] ReadMemory at 0x21d06c4825c0 of 512 bytes failed: Only part of a ReadProcessMemory or WriteProcessMemory request was completed. (0x12B)
[0513/091821.153:ERROR:process_memory_win.cc(73)] ReadMemory at 0x21d06c5666c0 of 512 bytes failed: Only part of a ReadProcessMemory or WriteProcessMemory request was completed. (0x12B)
[0513/091821.154:ERROR:process_memory_win.cc(73)] ReadMemory at 0x21d06c581a98 of 512 bytes failed: Only part of a ReadProcessMemory or WriteProcessMemory request was completed. (0x12B)
[0513/091821.154:ERROR:process_memory_win.cc(73)] ReadMemory at 0x255e0ee1bf80 of 512 bytes failed: Only part of a ReadProcessMemory or WriteProcessMemory request was completed. (0x12B)
[0513/091821.154:ERROR:process_memory_win.cc(73)] ReadMemory at 0x255e0ef35aa8 of 512 bytes failed: Only part of a ReadProcessMemory or WriteProcessMemory request was completed. (0x12B)
[0513/091821.154:ERROR:process_memory_win.cc(73)] ReadMemory at 0x255e0f759e28 of 512 bytes failed: Only part of a ReadProcessMemory or WriteProcessMemory request was completed. (0x12B)
[0513/091821.154:ERROR:process_memory_win.cc(73)] ReadMemory at 0x7ffb92fc9c82 of 512 bytes failed: Only part of a ReadProcessMemory or WriteProcessMemory request was completed. (0x12B)
[0513/091821.154:ERROR:process_memory_win.cc(73)] ReadMemory at 0x7ffb931d39e9 of 512 bytes failed: Only part of a ReadProcessMemory or WriteProcessMemory request was completed. (0x12B)
[0513/091821.155:ERROR:process_memory_win.cc(73)] ReadMemory at 0x7ffb949b3f2c of 512 bytes failed: Only part of a ReadProcessMemory or WriteProcessMemory request was completed. (0x12B)
[0513/091821.155:ERROR:process_memory_win.cc(73)] ReadMemory at 0x7ffbcd4be6ee of 512 bytes failed: Only part of a ReadProcessMemory or WriteProcessMemory request was completed. (0x12B)
[0513/091821.155:ERROR:process_memory_win.cc(73)] ReadMemory at 0x7ffbcd4bf888 of 512 bytes failed: Only part of a ReadProcessMemory or WriteProcessMemory request was completed. (0x12B)
[0513/091821.155:ERROR:process_memory_win.cc(73)] ReadMemory at 0x7ffbeddc0e00 of 512 bytes failed: Only part of a ReadProcessMemory or WriteProcessMemory request was completed. (0x12B)
[0513/091821.155:ERROR:process_memory_win.cc(73)] ReadMemory at 0x7ffbee3479f0 of 512 bytes failed: Only part of a ReadProcessMemory or WriteProcessMemory request was completed. (0x12B)
[0513/091821.155:ERROR:process_memory_win.cc(73)] ReadMemory at 0x7ffbee3482e0 of 512 bytes failed: Only part of a ReadProcessMemory or WriteProcessMemory request was completed. (0x12B)
[0513/091821.155:ERROR:process_memory_win.cc(73)] ReadMemory at 0x7ffbee34a0d0 of 512 bytes failed: Only part of a ReadProcessMemory or WriteProcessMemory request was completed. (0x12B)
[0513/091821.155:ERROR:process_memory_win.cc(73)] ReadMemory at 0x7ffbee3ba9a4 of 672 bytes failed: Only part of a ReadProcessMemory or WriteProcessMemory request was completed. (0x12B)
[0513/091821.156:ERROR:process_memory_win.cc(73)] ReadMemory at 0x7ffbee3be214 of 608 bytes failed: Only part of a ReadProcessMemory or WriteProcessMemory request was completed. (0x12B)
[0513/091821.156:ERROR:process_memory_win.cc(73)] ReadMemory at 0x7ffbee4401e0 of 18 bytes failed: Only part of a ReadProcessMemory or WriteProcessMemory request was completed. (0x12B)
[0513/091821.156:ERROR:process_memory_win.cc(73)] ReadMemory at 0x7ffbee4765b0 of 40 bytes failed: Only part of a ReadProcessMemory or WriteProcessMemory request was completed. (0x12B)
[0513/091821.156:ERROR:process_memory_win.cc(73)] ReadMemory at 0x7ffbee476a08 of 48 bytes failed: Only part of a ReadProcessMemory or WriteProcessMemory request was completed. (0x12B)
[0513/091821.156:ERROR:process_memory_win.cc(73)] ReadMemory at 0x7ffbee47c360 of 64 bytes failed: Only part of a ReadProcessMemory or WriteProcessMemory request was completed. (0x12B)
[0513/091821.165:ERROR:scoped_process_suspend.cc(40)] NtResumeProcess: An attempt was made to access an exiting process. (0xc000010a)
